<?xml version="1.0" encoding="UTF-8"?>
<!-- Generated by org.testng.reporters.JUnitXMLReporter -->
<testsuite ignored="0" hostname="JaikumarSundar" failures="0" tests="3" name="Default test" time="50.762" errors="0" timestamp="2024-07-24T15:24:08 IST">
  <testcase classname="com.crm.orgtest.CreateOrganiszationwithannotation" name="createOrganizationTest" time="12.047"/>
  <testcase classname="com.crm.orgtest.CreateOrganiszationwithannotation" name="createOrganizationWithPhnNo" time="10.902"/>
  <testcase classname="com.crm.orgtest.CreateOrganiszationwithannotation" name="createOrganizationwithIndustriesTest" time="11.157"/>
</testsuite> <!-- Default test -->
