<?xml version="1.0" encoding="UTF-8"?>
<!-- Generated by org.testng.reporters.JUnitXMLReporter -->
<testsuite ignored="0" hostname="JaikumarSundar" failures="0" tests="3" name="Suit_FulllRegression" time="50.899" errors="0" timestamp="12 Jul 2024 10:18:33 GMT">
  <testcase classname="com.crm.orgtest.CreateOrganiszationwithannotation" name="createOrganizationTest" time="12.185"/>
  <testcase classname="com.crm.orgtest.CreateOrganiszationwithannotation" name="createOrganizationWithPhnNo" time="11.268"/>
  <testcase classname="com.crm.orgtest.CreateOrganiszationwithannotation" name="createOrganizationwithIndustriesTest" time="11.042"/>
</testsuite> <!-- Suit_FulllRegression -->
