<?xml version="1.0" encoding="UTF-8"?>
<!-- Generated by org.testng.reporters.JUnitXMLReporter -->
<testsuite ignored="0" hostname="JaikumarSundar" failures="0" tests="3" name="test" time="51.564" errors="0" timestamp="23 Jul 2024 10:29:28 GMT">
  <testcase classname="com.crm.orgtest.CreateOrganiszationwithannotation" name="createOrganizationTest" time="12.782"/>
  <testcase classname="com.crm.orgtest.CreateOrganiszationwithannotation" name="createOrganizationWithPhnNo" time="11.474"/>
  <testcase classname="com.crm.orgtest.CreateOrganiszationwithannotation" name="createOrganizationwithIndustriesTest" time="11.282"/>
</testsuite> <!-- test -->
